Using pre-set license
Built from '2020.3/staging' branch; Version is '2020.3.9f1 (108be757e447) revision 1084391'; Using compiler version '192528614'; Build Type 'Release'
OS: 'Windows 10 Home; OS build 19042.985; Version 2009; 64bit' Language: 'de' Physical Memory: 12279 MB
BatchMode: 1, IsHumanControllingUs: 0, StartBugReporterOnCrash: 0, Is64bit: 1, IsPro: 0

 COMMAND LINE ARGUMENTS:
C:\Program Files\Unity\Hub\Editor\2020.3.9f1\Editor\Unity.exe
-adb2
-batchMode
-noUpm
-name
AssetImportWorker0
-projectPath
C:/Users/lukef/Documents/GitHub/minecraftClone/minecraftCloneUnity
-logFile
Logs/AssetImportWorker0.log
-srvPort
52422
Successfully changed project path to: C:/Users/lukef/Documents/GitHub/minecraftClone/minecraftCloneUnity
C:/Users/lukef/Documents/GitHub/minecraftClone/minecraftCloneUnity
Using Asset Import Pipeline V2.
Refreshing native plugins compatible for Editor in 39.18 ms, found 0 plugins.
Preloading 0 native plugins for Editor in 0.00 ms.
Initialize engine version: 2020.3.9f1 (108be757e447)
[Subsystems] Discovering subsystems at path C:/Program Files/Unity/Hub/Editor/2020.3.9f1/Editor/Data/Resources/UnitySubsystems
[Subsystems] Discovering subsystems at path C:/Users/lukef/Documents/GitHub/minecraftClone/minecraftCloneUnity/Assets
GfxDevice: creating device client; threaded=0
Direct3D:
    Version:  Direct3D 11.0 [level 11.1]
    Renderer: NVIDIA GeForce GTX 970 (ID=0x13c2)
    Vendor:   
    VRAM:     4043 MB
    Driver:   27.21.14.6611
Initialize mono
Mono path[0] = 'C:/Program Files/Unity/Hub/Editor/2020.3.9f1/Editor/Data/Managed'
Mono path[1] = 'C:/Program Files/Unity/Hub/Editor/2020.3.9f1/Editor/Data/MonoBleedingEdge/lib/mono/unityjit'
Mono config path = 'C:/Program Files/Unity/Hub/Editor/2020.3.9f1/Editor/Data/MonoBleedingEdge/etc'
Using monoOptions --debugger-agent=transport=dt_socket,embedding=1,server=y,suspend=n,address=127.0.0.1:56424
Begin MonoManager ReloadAssembly
Registering precompiled unity dll's ...
Register platform support module: C:/Program Files/Unity/Hub/Editor/2020.3.9f1/Editor/Data/PlaybackEngines/WindowsStandaloneSupport/UnityEditor.WindowsStandalone.Extensions.dll
Registered in 0.002543 seconds.
Native extension for WindowsStandalone target not found
Refreshing native plugins compatible for Editor in 32.30 ms, found 0 plugins.
Preloading 0 native plugins for Editor in 0.00 ms.
Mono: successfully reloaded assembly
- Completed reload, in  1.669 seconds
Platform modules already initialized, skipping
Registering precompiled user dll's ...
Registered in 0.001027 seconds.
Begin MonoManager ReloadAssembly
Native extension for WindowsStandalone target not found
Refreshing native plugins compatible for Editor in 0.45 ms, found 0 plugins.
Preloading 0 native plugins for Editor in 0.00 ms.
Mono: successfully reloaded assembly
- Completed reload, in  1.661 seconds
Platform modules already initialized, skipping
========================================================================
Worker process is ready to serve import requests
Launched and connected shader compiler UnityShaderCompiler.exe after 0.05 seconds
Refreshing native plugins compatible for Editor in 0.29 ms, found 0 plugins.
Preloading 0 native plugins for Editor in 0.00 ms.
Unloading 1118 Unused Serialized files (Serialized files now loaded: 0)
System memory in use before: 57.2 MB.
System memory in use after: 57.2 MB.

Unloading 10 unused Assets to reduce memory usage. Loaded Objects now: 1560.
Total: 2.330700 ms (FindLiveObjects: 0.153600 ms CreateObjectMapping: 0.055900 ms MarkObjects: 2.015700 ms  DeleteObjects: 0.104000 ms)

========================================================================
Received Import Request.
  path: Assets/Scripts/Chunk.cs
  artifactKey: Guid(5d09c839d67a316439bdb1939b34a0f9) Importer(815301076,1909f56bfc062723c751e8b465ee728b)
Start importing Assets/Scripts/Chunk.cs using Guid(5d09c839d67a316439bdb1939b34a0f9) Importer(815301076,1909f56bfc062723c751e8b465ee728b)  -> (artifact id: '93c67ad27efe8c7eea8e4dca2cda06de') in 0.051148 seconds
  Import took 0.053601 seconds .

========================================================================
Received Prepare
Refreshing native plugins compatible for Editor in 1.08 ms, found 0 plugins.
Preloading 0 native plugins for Editor in 0.00 ms.
Unloading 3 Unused Serialized files (Serialized files now loaded: 0)
System memory in use before: 34.9 MB.
System memory in use after: 35.0 MB.

Unloading 3 unused Assets to reduce memory usage. Loaded Objects now: 1560.
Total: 3.049200 ms (FindLiveObjects: 0.256900 ms CreateObjectMapping: 0.062700 ms MarkObjects: 2.653600 ms  DeleteObjects: 0.074300 ms)

========================================================================
Received Import Request.
  Time since last request: 289.237868 seconds.
  path: Assets/Scripts/Chunk.cs
  artifactKey: Guid(5d09c839d67a316439bdb1939b34a0f9) Importer(815301076,1909f56bfc062723c751e8b465ee728b)
Start importing Assets/Scripts/Chunk.cs using Guid(5d09c839d67a316439bdb1939b34a0f9) Importer(815301076,1909f56bfc062723c751e8b465ee728b)  -> (artifact id: '0da1f1cb0c99399dade0157bcde5f3f4') in 0.015547 seconds
  Import took 0.018687 seconds .

========================================================================
Received Import Request.
  Time since last request: 0.047329 seconds.
  path: Assets/Scripts/Chunk.cs
  artifactKey: Guid(5d09c839d67a316439bdb1939b34a0f9) Importer(815301076,1909f56bfc062723c751e8b465ee728b)
Start importing Assets/Scripts/Chunk.cs using Guid(5d09c839d67a316439bdb1939b34a0f9) Importer(815301076,1909f56bfc062723c751e8b465ee728b)  -> (artifact id: '0da1f1cb0c99399dade0157bcde5f3f4') in 0.002918 seconds
  Import took 0.005915 seconds .

========================================================================
Received Prepare
Registering precompiled user dll's ...
Registered in 0.000890 seconds.
Begin MonoManager ReloadAssembly
Native extension for WindowsStandalone target not found
Refreshing native plugins compatible for Editor in 0.29 ms, found 0 plugins.
Preloading 0 native plugins for Editor in 0.00 ms.
Mono: successfully reloaded assembly
- Completed reload, in  1.125 seconds
Platform modules already initialized, skipping
Refreshing native plugins compatible for Editor in 0.31 ms, found 0 plugins.
Preloading 0 native plugins for Editor in 0.00 ms.
Unloading 1113 Unused Serialized files (Serialized files now loaded: 0)
System memory in use before: 57.1 MB.
System memory in use after: 57.2 MB.

Unloading 5 unused Assets to reduce memory usage. Loaded Objects now: 1563.
Total: 1.887300 ms (FindLiveObjects: 0.133000 ms CreateObjectMapping: 0.055200 ms MarkObjects: 1.639600 ms  DeleteObjects: 0.058100 ms)

========================================================================
Received Prepare
Registering precompiled user dll's ...
Registered in 0.000908 seconds.
Begin MonoManager ReloadAssembly
Native extension for WindowsStandalone target not found
Refreshing native plugins compatible for Editor in 0.31 ms, found 0 plugins.
Preloading 0 native plugins for Editor in 0.00 ms.
Mono: successfully reloaded assembly
- Completed reload, in  1.089 seconds
Platform modules already initialized, skipping
Refreshing native plugins compatible for Editor in 0.35 ms, found 0 plugins.
Preloading 0 native plugins for Editor in 0.00 ms.
Unloading 1113 Unused Serialized files (Serialized files now loaded: 0)
System memory in use before: 57.2 MB.
System memory in use after: 57.3 MB.

Unloading 5 unused Assets to reduce memory usage. Loaded Objects now: 1566.
Total: 1.920900 ms (FindLiveObjects: 0.147000 ms CreateObjectMapping: 0.056600 ms MarkObjects: 1.658900 ms  DeleteObjects: 0.056700 ms)

========================================================================
Received Import Request.
  Time since last request: 24.024729 seconds.
  path: Assets/Scripts/Chunk.cs
  artifactKey: Guid(5d09c839d67a316439bdb1939b34a0f9) Importer(815301076,1909f56bfc062723c751e8b465ee728b)
Start importing Assets/Scripts/Chunk.cs using Guid(5d09c839d67a316439bdb1939b34a0f9) Importer(815301076,1909f56bfc062723c751e8b465ee728b)  -> (artifact id: '474a7b54821bca2fb0f5f1178f5221dc') in 0.004812 seconds
  Import took 0.006889 seconds .

========================================================================
Received Import Request.
  Time since last request: 1.553845 seconds.
  path: Assets/Scripts/Chunk.cs
  artifactKey: Guid(5d09c839d67a316439bdb1939b34a0f9) Importer(815301076,1909f56bfc062723c751e8b465ee728b)
Start importing Assets/Scripts/Chunk.cs using Guid(5d09c839d67a316439bdb1939b34a0f9) Importer(815301076,1909f56bfc062723c751e8b465ee728b)  -> (artifact id: '474a7b54821bca2fb0f5f1178f5221dc') in 0.002383 seconds
  Import took 0.004527 seconds .

========================================================================
Received Prepare
Registering precompiled user dll's ...
Registered in 0.001187 seconds.
Begin MonoManager ReloadAssembly
Native extension for WindowsStandalone target not found
Refreshing native plugins compatible for Editor in 0.45 ms, found 0 plugins.
Preloading 0 native plugins for Editor in 0.00 ms.
Mono: successfully reloaded assembly
- Completed reload, in  1.176 seconds
Platform modules already initialized, skipping
Refreshing native plugins compatible for Editor in 0.31 ms, found 0 plugins.
Preloading 0 native plugins for Editor in 0.00 ms.
Unloading 1113 Unused Serialized files (Serialized files now loaded: 0)
System memory in use before: 57.2 MB.
System memory in use after: 57.3 MB.

Unloading 5 unused Assets to reduce memory usage. Loaded Objects now: 1569.
Total: 1.996300 ms (FindLiveObjects: 0.162300 ms CreateObjectMapping: 0.056900 ms MarkObjects: 1.721900 ms  DeleteObjects: 0.053600 ms)

========================================================================
Received Prepare
Registering precompiled user dll's ...
Registered in 0.000883 seconds.
Begin MonoManager ReloadAssembly
Native extension for WindowsStandalone target not found
Refreshing native plugins compatible for Editor in 0.38 ms, found 0 plugins.
Preloading 0 native plugins for Editor in 0.00 ms.
Mono: successfully reloaded assembly
- Completed reload, in  1.089 seconds
Platform modules already initialized, skipping
Refreshing native plugins compatible for Editor in 0.30 ms, found 0 plugins.
Preloading 0 native plugins for Editor in 0.00 ms.
Unloading 1113 Unused Serialized files (Serialized files now loaded: 0)
System memory in use before: 57.2 MB.
System memory in use after: 57.3 MB.

Unloading 5 unused Assets to reduce memory usage. Loaded Objects now: 1572.
Total: 2.169000 ms (FindLiveObjects: 0.167300 ms CreateObjectMapping: 0.057000 ms MarkObjects: 1.882100 ms  DeleteObjects: 0.060800 ms)

========================================================================
Received Prepare
Registering precompiled user dll's ...
Registered in 0.000911 seconds.
Begin MonoManager ReloadAssembly
Native extension for WindowsStandalone target not found
Refreshing native plugins compatible for Editor in 0.30 ms, found 0 plugins.
Preloading 0 native plugins for Editor in 0.00 ms.
Mono: successfully reloaded assembly
- Completed reload, in  1.163 seconds
Platform modules already initialized, skipping
Refreshing native plugins compatible for Editor in 0.36 ms, found 0 plugins.
Preloading 0 native plugins for Editor in 0.00 ms.
Unloading 1113 Unused Serialized files (Serialized files now loaded: 0)
System memory in use before: 57.2 MB.
System memory in use after: 57.3 MB.

Unloading 5 unused Assets to reduce memory usage. Loaded Objects now: 1575.
Total: 2.059200 ms (FindLiveObjects: 0.157700 ms CreateObjectMapping: 0.055300 ms MarkObjects: 1.790300 ms  DeleteObjects: 0.054400 ms)

========================================================================
Received Import Request.
  Time since last request: 527.354785 seconds.
  path: Assets/Scripts/Chunk.cs
  artifactKey: Guid(5d09c839d67a316439bdb1939b34a0f9) Importer(815301076,1909f56bfc062723c751e8b465ee728b)
Start importing Assets/Scripts/Chunk.cs using Guid(5d09c839d67a316439bdb1939b34a0f9) Importer(815301076,1909f56bfc062723c751e8b465ee728b)  -> (artifact id: '84227c8bb1ff631985090ccb893400d9') in 0.016409 seconds
  Import took 0.018977 seconds .

========================================================================
Received Prepare
Registering precompiled user dll's ...
Registered in 0.001041 seconds.
Begin MonoManager ReloadAssembly
Native extension for WindowsStandalone target not found
Refreshing native plugins compatible for Editor in 0.32 ms, found 0 plugins.
Preloading 0 native plugins for Editor in 0.00 ms.
Mono: successfully reloaded assembly
- Completed reload, in  1.062 seconds
Platform modules already initialized, skipping
Refreshing native plugins compatible for Editor in 0.29 ms, found 0 plugins.
Preloading 0 native plugins for Editor in 0.00 ms.
Unloading 1113 Unused Serialized files (Serialized files now loaded: 0)
System memory in use before: 57.2 MB.
System memory in use after: 57.3 MB.

Unloading 5 unused Assets to reduce memory usage. Loaded Objects now: 1578.
Total: 1.903700 ms (FindLiveObjects: 0.138200 ms CreateObjectMapping: 0.055600 ms MarkObjects: 1.653400 ms  DeleteObjects: 0.054900 ms)

========================================================================
Received Import Request.
  Time since last request: 64.512377 seconds.
  path: Assets/Scripts/Chunk.cs
  artifactKey: Guid(5d09c839d67a316439bdb1939b34a0f9) Importer(815301076,1909f56bfc062723c751e8b465ee728b)
Start importing Assets/Scripts/Chunk.cs using Guid(5d09c839d67a316439bdb1939b34a0f9) Importer(815301076,1909f56bfc062723c751e8b465ee728b)  -> (artifact id: '3afa20c750f97029f526db445dba8390') in 0.005226 seconds
  Import took 0.007402 seconds .

========================================================================
Received Prepare
Registering precompiled user dll's ...
Registered in 0.000994 seconds.
Begin MonoManager ReloadAssembly
Native extension for WindowsStandalone target not found
Refreshing native plugins compatible for Editor in 0.32 ms, found 0 plugins.
Preloading 0 native plugins for Editor in 0.00 ms.
Mono: successfully reloaded assembly
- Completed reload, in  1.161 seconds
Platform modules already initialized, skipping
Refreshing native plugins compatible for Editor in 0.29 ms, found 0 plugins.
Preloading 0 native plugins for Editor in 0.00 ms.
Unloading 1113 Unused Serialized files (Serialized files now loaded: 0)
System memory in use before: 57.2 MB.
System memory in use after: 57.3 MB.

Unloading 5 unused Assets to reduce memory usage. Loaded Objects now: 1581.
Total: 1.912700 ms (FindLiveObjects: 0.141100 ms CreateObjectMapping: 0.056700 ms MarkObjects: 1.656000 ms  DeleteObjects: 0.057800 ms)

========================================================================
Received Import Request.
  Time since last request: 381.357495 seconds.
  path: Assets/Scripts/Chunk.cs
  artifactKey: Guid(5d09c839d67a316439bdb1939b34a0f9) Importer(815301076,1909f56bfc062723c751e8b465ee728b)
Start importing Assets/Scripts/Chunk.cs using Guid(5d09c839d67a316439bdb1939b34a0f9) Importer(815301076,1909f56bfc062723c751e8b465ee728b)  -> (artifact id: '933b7c5c7233614f88d317172188f387') in 0.005503 seconds
  Import took 0.007671 seconds .

========================================================================
Received Import Request.
  Time since last request: 1.492596 seconds.
  path: Assets/Scripts/Chunk.cs
  artifactKey: Guid(5d09c839d67a316439bdb1939b34a0f9) Importer(815301076,1909f56bfc062723c751e8b465ee728b)
Start importing Assets/Scripts/Chunk.cs using Guid(5d09c839d67a316439bdb1939b34a0f9) Importer(815301076,1909f56bfc062723c751e8b465ee728b)  -> (artifact id: '933b7c5c7233614f88d317172188f387') in 0.002939 seconds
  Import took 0.005555 seconds .

========================================================================
Received Prepare
Registering precompiled user dll's ...
Registered in 0.001186 seconds.
Begin MonoManager ReloadAssembly
Native extension for WindowsStandalone target not found
Refreshing native plugins compatible for Editor in 0.31 ms, found 0 plugins.
Preloading 0 native plugins for Editor in 0.00 ms.
Mono: successfully reloaded assembly
- Completed reload, in  1.158 seconds
Platform modules already initialized, skipping
Refreshing native plugins compatible for Editor in 0.29 ms, found 0 plugins.
Preloading 0 native plugins for Editor in 0.00 ms.
Unloading 1113 Unused Serialized files (Serialized files now loaded: 0)
System memory in use before: 57.2 MB.
System memory in use after: 57.3 MB.

Unloading 5 unused Assets to reduce memory usage. Loaded Objects now: 1584.
Total: 2.028100 ms (FindLiveObjects: 0.137200 ms CreateObjectMapping: 0.054800 ms MarkObjects: 1.772000 ms  DeleteObjects: 0.062500 ms)

