Using pre-set license
Built from '2020.3/staging' branch; Version is '2020.3.9f1 (108be757e447) revision 1084391'; Using compiler version '192528614'; Build Type 'Release'
OS: 'Windows 10 Home; OS build 19042.985; Version 2009; 64bit' Language: 'de' Physical Memory: 12279 MB
BatchMode: 1, IsHumanControllingUs: 0, StartBugReporterOnCrash: 0, Is64bit: 1, IsPro: 0

 COMMAND LINE ARGUMENTS:
C:\Program Files\Unity\Hub\Editor\2020.3.9f1\Editor\Unity.exe
-adb2
-batchMode
-noUpm
-name
AssetImportWorker0
-projectPath
C:/Users/lukef/Documents/GitHub/minecraftClone/minecraftCloneUnity
-logFile
Logs/AssetImportWorker0.log
-srvPort
63151
Successfully changed project path to: C:/Users/lukef/Documents/GitHub/minecraftClone/minecraftCloneUnity
C:/Users/lukef/Documents/GitHub/minecraftClone/minecraftCloneUnity
Using Asset Import Pipeline V2.
Refreshing native plugins compatible for Editor in 37.84 ms, found 0 plugins.
Preloading 0 native plugins for Editor in 0.00 ms.
Initialize engine version: 2020.3.9f1 (108be757e447)
[Subsystems] Discovering subsystems at path C:/Program Files/Unity/Hub/Editor/2020.3.9f1/Editor/Data/Resources/UnitySubsystems
[Subsystems] Discovering subsystems at path C:/Users/lukef/Documents/GitHub/minecraftClone/minecraftCloneUnity/Assets
GfxDevice: creating device client; threaded=0
Direct3D:
    Version:  Direct3D 11.0 [level 11.1]
    Renderer: NVIDIA GeForce GTX 970 (ID=0x13c2)
    Vendor:   
    VRAM:     4043 MB
    Driver:   27.21.14.6611
Initialize mono
Mono path[0] = 'C:/Program Files/Unity/Hub/Editor/2020.3.9f1/Editor/Data/Managed'
Mono path[1] = 'C:/Program Files/Unity/Hub/Editor/2020.3.9f1/Editor/Data/MonoBleedingEdge/lib/mono/unityjit'
Mono config path = 'C:/Program Files/Unity/Hub/Editor/2020.3.9f1/Editor/Data/MonoBleedingEdge/etc'
Using monoOptions --debugger-agent=transport=dt_socket,embedding=1,server=y,suspend=n,address=127.0.0.1:56688
Begin MonoManager ReloadAssembly
Registering precompiled unity dll's ...
Register platform support module: C:/Program Files/Unity/Hub/Editor/2020.3.9f1/Editor/Data/PlaybackEngines/WindowsStandaloneSupport/UnityEditor.WindowsStandalone.Extensions.dll
Registered in 0.003778 seconds.
Native extension for WindowsStandalone target not found
Refreshing native plugins compatible for Editor in 34.33 ms, found 0 plugins.
Preloading 0 native plugins for Editor in 0.00 ms.
Mono: successfully reloaded assembly
- Completed reload, in  1.658 seconds
Platform modules already initialized, skipping
Registering precompiled user dll's ...
Registered in 0.001009 seconds.
Begin MonoManager ReloadAssembly
Native extension for WindowsStandalone target not found
Refreshing native plugins compatible for Editor in 0.28 ms, found 0 plugins.
Preloading 0 native plugins for Editor in 0.00 ms.
Mono: successfully reloaded assembly
- Completed reload, in  1.264 seconds
Platform modules already initialized, skipping
========================================================================
Worker process is ready to serve import requests
Launched and connected shader compiler UnityShaderCompiler.exe after 0.05 seconds
Refreshing native plugins compatible for Editor in 0.29 ms, found 0 plugins.
Preloading 0 native plugins for Editor in 0.00 ms.
Unloading 1118 Unused Serialized files (Serialized files now loaded: 0)
System memory in use before: 57.2 MB.
System memory in use after: 57.2 MB.

Unloading 10 unused Assets to reduce memory usage. Loaded Objects now: 1560.
Total: 2.620500 ms (FindLiveObjects: 0.153600 ms CreateObjectMapping: 0.056900 ms MarkObjects: 2.278700 ms  DeleteObjects: 0.129300 ms)

========================================================================
Received Import Request.
  path: Assets/Scripts/Chunk.cs
  artifactKey: Guid(5d09c839d67a316439bdb1939b34a0f9) Importer(815301076,1909f56bfc062723c751e8b465ee728b)
Start importing Assets/Scripts/Chunk.cs using Guid(5d09c839d67a316439bdb1939b34a0f9) Importer(815301076,1909f56bfc062723c751e8b465ee728b)  -> (artifact id: '7d5465726bf37a6dbc3105ce6a08f494') in 0.053840 seconds
  Import took 0.056862 seconds .

========================================================================
Received Prepare
Refreshing native plugins compatible for Editor in 0.99 ms, found 0 plugins.
Preloading 0 native plugins for Editor in 0.00 ms.
Unloading 3 Unused Serialized files (Serialized files now loaded: 0)
System memory in use before: 34.9 MB.
System memory in use after: 35.0 MB.

Unloading 3 unused Assets to reduce memory usage. Loaded Objects now: 1560.
Total: 2.352500 ms (FindLiveObjects: 0.145800 ms CreateObjectMapping: 0.068600 ms MarkObjects: 2.088500 ms  DeleteObjects: 0.048300 ms)

========================================================================
Received Import Request.
  Time since last request: 88.103531 seconds.
  path: Assets/Scripts/Chunk.cs
  artifactKey: Guid(5d09c839d67a316439bdb1939b34a0f9) Importer(815301076,1909f56bfc062723c751e8b465ee728b)
Start importing Assets/Scripts/Chunk.cs using Guid(5d09c839d67a316439bdb1939b34a0f9) Importer(815301076,1909f56bfc062723c751e8b465ee728b)  -> (artifact id: 'eb1d0a984ae34feee409cf0fab0a5889') in 0.003104 seconds
  Import took 0.005521 seconds .

========================================================================
Received Prepare
Registering precompiled user dll's ...
Registered in 0.001008 seconds.
Begin MonoManager ReloadAssembly
Native extension for WindowsStandalone target not found
Refreshing native plugins compatible for Editor in 0.29 ms, found 0 plugins.
Preloading 0 native plugins for Editor in 0.00 ms.
Mono: successfully reloaded assembly
- Completed reload, in  1.112 seconds
Platform modules already initialized, skipping
Refreshing native plugins compatible for Editor in 0.28 ms, found 0 plugins.
Preloading 0 native plugins for Editor in 0.00 ms.
Unloading 1113 Unused Serialized files (Serialized files now loaded: 0)
System memory in use before: 57.1 MB.
System memory in use after: 57.2 MB.

Unloading 5 unused Assets to reduce memory usage. Loaded Objects now: 1563.
Total: 2.316100 ms (FindLiveObjects: 0.179500 ms CreateObjectMapping: 0.059400 ms MarkObjects: 1.993500 ms  DeleteObjects: 0.081800 ms)

========================================================================
Received Prepare
Registering precompiled user dll's ...
Registered in 0.001056 seconds.
Begin MonoManager ReloadAssembly
Native extension for WindowsStandalone target not found
Refreshing native plugins compatible for Editor in 0.29 ms, found 0 plugins.
Preloading 0 native plugins for Editor in 0.00 ms.
Mono: successfully reloaded assembly
- Completed reload, in  1.090 seconds
Platform modules already initialized, skipping
Refreshing native plugins compatible for Editor in 0.29 ms, found 0 plugins.
Preloading 0 native plugins for Editor in 0.00 ms.
Unloading 1113 Unused Serialized files (Serialized files now loaded: 0)
System memory in use before: 57.1 MB.
System memory in use after: 57.2 MB.

Unloading 5 unused Assets to reduce memory usage. Loaded Objects now: 1566.
Total: 1.891900 ms (FindLiveObjects: 0.133100 ms CreateObjectMapping: 0.054300 ms MarkObjects: 1.647900 ms  DeleteObjects: 0.055200 ms)

========================================================================
Received Prepare
Registering precompiled user dll's ...
Registered in 0.000972 seconds.
Begin MonoManager ReloadAssembly
Native extension for WindowsStandalone target not found
Refreshing native plugins compatible for Editor in 0.30 ms, found 0 plugins.
Preloading 0 native plugins for Editor in 0.00 ms.
Mono: successfully reloaded assembly
- Completed reload, in  1.078 seconds
Platform modules already initialized, skipping
Refreshing native plugins compatible for Editor in 0.29 ms, found 0 plugins.
Preloading 0 native plugins for Editor in 0.00 ms.
Unloading 1113 Unused Serialized files (Serialized files now loaded: 0)
System memory in use before: 57.2 MB.
System memory in use after: 57.2 MB.

Unloading 5 unused Assets to reduce memory usage. Loaded Objects now: 1569.
Total: 1.995600 ms (FindLiveObjects: 0.135400 ms CreateObjectMapping: 0.054400 ms MarkObjects: 1.743700 ms  DeleteObjects: 0.060600 ms)

========================================================================
Received Import Request.
  Time since last request: 2568.130889 seconds.
  path: Assets/Blocks.png
  artifactKey: Guid(d86017eee4e85574a81cdbe82a77a58a) Importer(815301076,1909f56bfc062723c751e8b465ee728b)
Start importing Assets/Blocks.png using Guid(d86017eee4e85574a81cdbe82a77a58a) Importer(815301076,1909f56bfc062723c751e8b465ee728b)  -> (artifact id: 'e64990bfe443f43bd94f497e07c7f960') in 0.109259 seconds
  Import took 0.111692 seconds .

========================================================================
Received Import Request.
  Time since last request: 4.674611 seconds.
  path: Assets/Textures
  artifactKey: Guid(150a398625ad2c34f95517c33e8ca983) Importer(815301076,1909f56bfc062723c751e8b465ee728b)
Start importing Assets/Textures using Guid(150a398625ad2c34f95517c33e8ca983) Importer(815301076,1909f56bfc062723c751e8b465ee728b)  -> (artifact id: '635c6a3787c4334524b421b30e3a7c1f') in 0.015092 seconds
  Import took 0.017785 seconds .

========================================================================
Received Import Request.
  Time since last request: 60.868219 seconds.
  path: Assets/Textures/Blocks.png
  artifactKey: Guid(d86017eee4e85574a81cdbe82a77a58a) Importer(815301076,1909f56bfc062723c751e8b465ee728b)
Start importing Assets/Textures/Blocks.png using Guid(d86017eee4e85574a81cdbe82a77a58a) Importer(815301076,1909f56bfc062723c751e8b465ee728b)  -> (artifact id: 'a1e093c519290a3afe5d74c463f2d244') in 0.011598 seconds
  Import took 0.015097 seconds .

========================================================================
Received Import Request.
  Time since last request: 0.013585 seconds.
  path: Assets/Textures/Blocks.png
  artifactKey: Guid(d86017eee4e85574a81cdbe82a77a58a) Importer(815301076,1909f56bfc062723c751e8b465ee728b)
Start importing Assets/Textures/Blocks.png using Guid(d86017eee4e85574a81cdbe82a77a58a) Importer(815301076,1909f56bfc062723c751e8b465ee728b)  -> (artifact id: 'a1e093c519290a3afe5d74c463f2d244') in 0.021931 seconds
  Import took 0.025556 seconds .

========================================================================
Received Import Request.
  Time since last request: 7.967053 seconds.
  path: Assets/Textures/Blocks.png
  artifactKey: Guid(d86017eee4e85574a81cdbe82a77a58a) Importer(815301076,1909f56bfc062723c751e8b465ee728b)
Start importing Assets/Textures/Blocks.png using Guid(d86017eee4e85574a81cdbe82a77a58a) Importer(815301076,1909f56bfc062723c751e8b465ee728b)  -> (artifact id: '56ac81691ef1bfd528b7a1897070269c') in 0.008221 seconds
  Import took 0.011348 seconds .

========================================================================
Received Import Request.
  Time since last request: 0.009145 seconds.
  path: Assets/Textures/Blocks.png
  artifactKey: Guid(d86017eee4e85574a81cdbe82a77a58a) Importer(815301076,1909f56bfc062723c751e8b465ee728b)
Start importing Assets/Textures/Blocks.png using Guid(d86017eee4e85574a81cdbe82a77a58a) Importer(815301076,1909f56bfc062723c751e8b465ee728b)  -> (artifact id: '56ac81691ef1bfd528b7a1897070269c') in 0.009787 seconds
  Import took 0.012949 seconds .

========================================================================
Received Import Request.
  Time since last request: 23.784409 seconds.
  path: Assets/Materials
  artifactKey: Guid(09a876a3997b08b4d8324b0025f2e4b3) Importer(815301076,1909f56bfc062723c751e8b465ee728b)
Start importing Assets/Materials using Guid(09a876a3997b08b4d8324b0025f2e4b3) Importer(815301076,1909f56bfc062723c751e8b465ee728b)  -> (artifact id: '82c9be14ec649748b9f85e5c58e04143') in 0.014661 seconds
  Import took 0.017524 seconds .

========================================================================
Received Import Request.
  Time since last request: 7.204810 seconds.
  path: Assets/Materials/New Material.mat
  artifactKey: Guid(4528c2c756a0c7d4e9cc3a924ab68913) Importer(815301076,1909f56bfc062723c751e8b465ee728b)
Start importing Assets/Materials/New Material.mat using Guid(4528c2c756a0c7d4e9cc3a924ab68913) Importer(815301076,1909f56bfc062723c751e8b465ee728b)  -> (artifact id: '8a53f1aa088d5d3b3986b4cecd355aa5') in 0.126354 seconds
  Import took 0.129234 seconds .

========================================================================
Received Import Request.
  Time since last request: 9.747627 seconds.
  path: Assets/Materials/Blocks.mat
  artifactKey: Guid(4528c2c756a0c7d4e9cc3a924ab68913) Importer(815301076,1909f56bfc062723c751e8b465ee728b)
Start importing Assets/Materials/Blocks.mat using Guid(4528c2c756a0c7d4e9cc3a924ab68913) Importer(815301076,1909f56bfc062723c751e8b465ee728b)  -> (artifact id: '0c968f3a81a46cc759d6a44926690999') in 0.011908 seconds
  Import took 0.014680 seconds .

========================================================================
Received Prepare
Registering precompiled user dll's ...
Registered in 0.001345 seconds.
Begin MonoManager ReloadAssembly
Native extension for WindowsStandalone target not found
Refreshing native plugins compatible for Editor in 0.28 ms, found 0 plugins.
Preloading 0 native plugins for Editor in 0.00 ms.
Mono: successfully reloaded assembly
- Completed reload, in  1.118 seconds
Platform modules already initialized, skipping
Refreshing native plugins compatible for Editor in 0.28 ms, found 0 plugins.
Preloading 0 native plugins for Editor in 0.00 ms.
Unloading 1113 Unused Serialized files (Serialized files now loaded: 0)
System memory in use before: 60.5 MB.
System memory in use after: 60.6 MB.

Unloading 5 unused Assets to reduce memory usage. Loaded Objects now: 1614.
Total: 1.939300 ms (FindLiveObjects: 0.148300 ms CreateObjectMapping: 0.054700 ms MarkObjects: 1.681200 ms  DeleteObjects: 0.053700 ms)

========================================================================
Received Prepare
Registering precompiled user dll's ...
Registered in 0.001042 seconds.
Begin MonoManager ReloadAssembly
Native extension for WindowsStandalone target not found
Refreshing native plugins compatible for Editor in 0.29 ms, found 0 plugins.
Preloading 0 native plugins for Editor in 0.00 ms.
Mono: successfully reloaded assembly
- Completed reload, in  1.111 seconds
Platform modules already initialized, skipping
Refreshing native plugins compatible for Editor in 0.29 ms, found 0 plugins.
Preloading 0 native plugins for Editor in 0.00 ms.
Unloading 1113 Unused Serialized files (Serialized files now loaded: 0)
System memory in use before: 60.5 MB.
System memory in use after: 60.6 MB.

Unloading 5 unused Assets to reduce memory usage. Loaded Objects now: 1617.
Total: 1.910100 ms (FindLiveObjects: 0.145100 ms CreateObjectMapping: 0.054700 ms MarkObjects: 1.655200 ms  DeleteObjects: 0.053400 ms)

========================================================================
Received Prepare
Registering precompiled user dll's ...
Registered in 0.000958 seconds.
Begin MonoManager ReloadAssembly
Native extension for WindowsStandalone target not found
Refreshing native plugins compatible for Editor in 0.30 ms, found 0 plugins.
Preloading 0 native plugins for Editor in 0.00 ms.
Mono: successfully reloaded assembly
- Completed reload, in  1.134 seconds
Platform modules already initialized, skipping
Refreshing native plugins compatible for Editor in 0.29 ms, found 0 plugins.
Preloading 0 native plugins for Editor in 0.00 ms.
Unloading 1113 Unused Serialized files (Serialized files now loaded: 0)
System memory in use before: 60.5 MB.
System memory in use after: 60.6 MB.

Unloading 5 unused Assets to reduce memory usage. Loaded Objects now: 1620.
Total: 1.948200 ms (FindLiveObjects: 0.145200 ms CreateObjectMapping: 0.058500 ms MarkObjects: 1.684900 ms  DeleteObjects: 0.057900 ms)

========================================================================
Received Prepare
Registering precompiled user dll's ...
Registered in 0.001022 seconds.
Begin MonoManager ReloadAssembly
Native extension for WindowsStandalone target not found
Refreshing native plugins compatible for Editor in 0.29 ms, found 0 plugins.
Preloading 0 native plugins for Editor in 0.00 ms.
Mono: successfully reloaded assembly
- Completed reload, in  1.133 seconds
Platform modules already initialized, skipping
Refreshing native plugins compatible for Editor in 0.29 ms, found 0 plugins.
Preloading 0 native plugins for Editor in 0.00 ms.
Unloading 1113 Unused Serialized files (Serialized files now loaded: 0)
System memory in use before: 60.5 MB.
System memory in use after: 60.6 MB.

Unloading 5 unused Assets to reduce memory usage. Loaded Objects now: 1623.
Total: 1.941100 ms (FindLiveObjects: 0.146200 ms CreateObjectMapping: 0.055500 ms MarkObjects: 1.683400 ms  DeleteObjects: 0.054600 ms)

========================================================================
Received Prepare
Registering precompiled user dll's ...
Registered in 0.000968 seconds.
Begin MonoManager ReloadAssembly
Native extension for WindowsStandalone target not found
Refreshing native plugins compatible for Editor in 0.29 ms, found 0 plugins.
Preloading 0 native plugins for Editor in 0.00 ms.
Mono: successfully reloaded assembly
- Completed reload, in  1.091 seconds
Platform modules already initialized, skipping
Refreshing native plugins compatible for Editor in 0.29 ms, found 0 plugins.
Preloading 0 native plugins for Editor in 0.00 ms.
Unloading 1113 Unused Serialized files (Serialized files now loaded: 0)
System memory in use before: 60.5 MB.
System memory in use after: 60.6 MB.

Unloading 5 unused Assets to reduce memory usage. Loaded Objects now: 1626.
Total: 1.993700 ms (FindLiveObjects: 0.167600 ms CreateObjectMapping: 0.065400 ms MarkObjects: 1.702800 ms  DeleteObjects: 0.056400 ms)

========================================================================
Received Prepare
Registering precompiled user dll's ...
Registered in 0.001277 seconds.
Begin MonoManager ReloadAssembly
Native extension for WindowsStandalone target not found
Refreshing native plugins compatible for Editor in 0.28 ms, found 0 plugins.
Preloading 0 native plugins for Editor in 0.00 ms.
Mono: successfully reloaded assembly
- Completed reload, in  1.151 seconds
Platform modules already initialized, skipping
Refreshing native plugins compatible for Editor in 0.29 ms, found 0 plugins.
Preloading 0 native plugins for Editor in 0.00 ms.
Unloading 1113 Unused Serialized files (Serialized files now loaded: 0)
System memory in use before: 60.6 MB.
System memory in use after: 60.6 MB.

Unloading 5 unused Assets to reduce memory usage. Loaded Objects now: 1629.
Total: 1.924400 ms (FindLiveObjects: 0.148700 ms CreateObjectMapping: 0.054900 ms MarkObjects: 1.665700 ms  DeleteObjects: 0.053700 ms)

========================================================================
Received Prepare
Registering precompiled user dll's ...
Registered in 0.001680 seconds.
Begin MonoManager ReloadAssembly
Native extension for WindowsStandalone target not found
Refreshing native plugins compatible for Editor in 0.42 ms, found 0 plugins.
Preloading 0 native plugins for Editor in 0.00 ms.
Mono: successfully reloaded assembly
- Completed reload, in  1.103 seconds
Platform modules already initialized, skipping
Refreshing native plugins compatible for Editor in 0.29 ms, found 0 plugins.
Preloading 0 native plugins for Editor in 0.00 ms.
Unloading 1113 Unused Serialized files (Serialized files now loaded: 0)
System memory in use before: 60.6 MB.
System memory in use after: 60.6 MB.

Unloading 5 unused Assets to reduce memory usage. Loaded Objects now: 1632.
Total: 1.900800 ms (FindLiveObjects: 0.141800 ms CreateObjectMapping: 0.055100 ms MarkObjects: 1.649700 ms  DeleteObjects: 0.052800 ms)

========================================================================
Received Import Request.
  Time since last request: 1754.295829 seconds.
  path: Assets/Materials/Blocks.mat
  artifactKey: Guid(4528c2c756a0c7d4e9cc3a924ab68913) Importer(815301076,1909f56bfc062723c751e8b465ee728b)
Start importing Assets/Materials/Blocks.mat using Guid(4528c2c756a0c7d4e9cc3a924ab68913) Importer(815301076,1909f56bfc062723c751e8b465ee728b)  -> (artifact id: '06608769c1355e80984e55540cd2b368') in 0.099825 seconds
  Import took 0.103042 seconds .

AssetImportWorkerClient::OnTransportError - code=2 error=End of file
